1530222987470	geckodriver	INFO	geckodriver 0.21.0
1530222987470	geckodriver	INFO	Listening on 127.0.0.1:49431
1530222990559	mozrunner::runner	INFO	Running command: "C:\\Program Files\\Mozilla Firefox\\firefox.exe" "-marionette" "-foreground" "-no-remote" "-profile" "C:\\Users\\dicke\\AppData\\Local\\Temp\\rust_mozprofile.RK9zxXMz244u"
1530222998296	Marionette	INFO	Listening on port 49439
1530222998338	Marionette	WARN	TLS certificate errors will be ignored for this session
Unable to read VR Path Registry from C:\Users\dicke\AppData\Local\openvr\openvrpaths.vrpath
[Parent 2896, Gecko_IOThread] WARNING: pipe error: 109: file z:/build/build/src/ipc/chromium/src/chrome/common/ipc_channel_win.cc, line 346
Unable to read VR Path Registry from C:\Users\dicke\AppData\Local\openvr\openvrpaths.vrpath
[Child 3616, Chrome_ChildThread] WARNING: pipe error: 109: file z:/build/build/src/ipc/chromium/src/chrome/common/ipc_channel_win.cc, line 346
[Parent 2896, Gecko_IOThread] WARNING: pipe error: 109: file z:/build/build/src/ipc/chromium/src/chrome/common/ipc_channel_win.cc, line 346
Unable to read VR Path Registry from C:\Users\dicke\AppData\Local\openvr\openvrpaths.vrpath
[Child 1476, Chrome_ChildThread] WARNING: pipe error: 109: file z:/build/build/src/ipc/chromium/src/chrome/common/ipc_channel_win.cc, line 346
[Child 1476, Chrome_ChildThread] WARNING: pipe error: 109: file z:/build/build/src/ipc/chromium/src/chrome/common/ipc_channel_win.cc, line 346
[Parent 2896, Gecko_IOThread] WARNING: pipe error: 109: file z:/build/build/src/ipc/chromium/src/chrome/common/ipc_channel_win.cc, line 346
Unable to read VR Path Registry from C:\Users\dicke\AppData\Local\openvr\openvrpaths.vrpath
[Child 2276, Chrome_ChildThread] WARNING: pipe error: 109: file z:/build/build/src/ipc/chromium/src/chrome/common/ipc_channel_win.cc, line 346
[Parent 2896, Gecko_IOThread] WARNING: file z:/build/build/src/ipc/chromium/src/base/process_util_win.cc, line 188
 "-marionette" "-foreground" "-no-remote" "-profile" "C:\\Users\\dicke\\AppData\\Local\\Temp\\rust_mozprofile.esAkjidk9J4X"
1530289283583	Marionette	INFO	Listening on port 49849
1530289283644	Marionette	WARN	TLS certificate errors will be ignored for this session
Unable to read VR Path Registry from C:\Users\dicke\AppData\Local\openvr\openvrpaths.vrpath
[Parent 5156, Gecko_IOThread] WARNING: pipe error: 109: file z:/build/build/src/ipc/chromium/src/chrome/common/ipc_channel_win.cc, line 346
Unable to read VR Path Registry from C:\Users\dicke\AppData\Local\openvr\openvrpaths.vrpath
[Child 4896, Chrome_ChildThread] WARNING: pipe error: 109: file z:/build/build/src/ipc/chromium/src/chrome/common/ipc_channel_win.cc, line 346
[Child 4896, Chrome_ChildThread] WARNING: pipe error: 109: file z:/build/build/src/ipc/chromium/src/chrome/common/ipc_channel_win.cc, line 346
Unable to read VR Path Registry from C:\Users\dicke\AppData\Local\openvr\openvrpaths.vrpath
[Child 3688, Chrome_ChildThread] WARNING: pipe error: 109: file z:/build/build/src/ipc/chromium/src/chrome/common/ipc_channel_win.cc, line 346
[Child 3688, Chrome_ChildThread] WARNING: pipe error: 109: file z:/build/build/src/ipc/chromium/src/chrome/common/ipc_channel_win.cc, line 346
[Parent 5156, Gecko_IOThread] WARNING: file z:/build/build/src/ipc/chromium/src/base/process_util_win.cc, line 188
[Parent 5156, Gecko_IOThread] WARNING: pipe error: 109: file z:/build/build/src/ipc/chromium/src/chrome/common/ipc_channel_win.cc, line 346
Unable to read VR Path Registry from C:\Users\dicke\AppData\Local\openvr\openvrpaths.vrpath
[GPU 4312, Chrome_ChildThread] WARNING: pipe error: 109: file z:/build/build/src/ipc/chromium/src/chrome/common/ipc_channel_win.cc, line 346

###!!! [Child][MessageChannel::SendAndWait] Error: Channel error: cannot send/recv

1530289417502	geckodriver	INFO	geckodriver 0.21.0
1530289417518	geckodriver	INFO	Listening on 127.0.0.1:49916
1530289420546	mozrunner::runner	INFO	Running command: "C:\\Program Files\\Mozilla Firefox\\firefox.exe" "-marionette" "-foreground" "-no-remote" "-profile" "C:\\Users\\dicke\\AppData\\Local\\Temp\\rust_mozprofile.Rmj4iN0whutv"
1530289424586	Marionette	INFO	Listening on port 49924
1530289424959	Marionette	WARN	TLS certificate errors will be ignored for this session
Unable to read VR Path Registry from C:\Users\dicke\AppData\Local\openvr\openvrpaths.vrpath
[Parent 6060, Gecko_IOThread] WARNING: pipe error: 109: file z:/build/build/src/ipc/chromium/src/chrome/common/ipc_channel_win.cc, line 346
[Parent 6060, Gecko_IOThread] WARNING: pipe error: 109: file z:/build/build/src/ipc/chromium/src/chrome/common/ipc_channel_win.cc, line 346
Unable to read VR Path Registry from C:\Users\dicke\AppData\Local\openvr\openvrpaths.vrpath
[Child 5920, Chrome_ChildThread] WARNING: pipe error: 109: file z:/build/build/src/ipc/chromium/src/chrome/common/ipc_channel_win.cc, line 346
[Child 5920, Chrome_ChildThread] WARNING: pipe error: 109: file z:/build/build/src/ipc/chromium/src/chrome/common/ipc_channel_win.cc, line 346
Unable to read VR Path Registry from C:\Users\dicke\AppData\Local\openvr\openvrpaths.vrpath
[Child 4940, Chrome_ChildThread] WARNING: pipe error: 109: file z:/build/build/src/ipc/chromium/src/chrome/common/ipc_channel_win.cc, line 346
[Child 4940, Chrome_ChildThread] WARNING: pipe error: 109: file z:/build/build/src/ipc/chromium/src/chrome/common/ipc_channel_win.cc, line 346
[Parent 6060, Gecko_IOThread] WARNING: pipe error: 109: file z:/build/build/src/ipc/chromium/src/chrome/common/ipc_channel_win.cc, line 346
Unable to read VR Path Registry from C:\Users\dicke\AppData\Local\openvr\openvrpaths.vrpath
[Child 4948, Chrome_ChildThread] WARNING: pipe error: 109: file z:/build/build/src/ipc/chromium/src/chrome/common/ipc_channel_win.cc, line 346
*** UTM:SVC TimerManager:registerTimer called after profile-before-change notification. Ignoring timer registration for id: telemetry_modules_ping
Unable to read VR Path Registry from C:\Users\dicke\AppData\Local\openvr\openvrpaths.vrpath
[GPU 4484, Chrome_ChildThread] WARNING: pipe error: 109: file z:/build/build/src/ipc/chromium/src/chrome/common/ipc_channel_win.cc, line 346

###!!! [Child][MessageChannel::SendAndWait] Error: Channel error: cannot send/recv

1530289445361	geckodriver	INFO	geckodriver 0.21.0
1530289445376	geckodriver	INFO	Listening on 127.0.0.1:49986
1530289448361	mozrunner::runner	INFO	Running command: "C:\\Program Files\\Mozilla Firefox\\firefox.exe" "-marionette" "-foreground" "-no-remote" "-profile" "C:\\Users\\dicke\\AppData\\Local\\Temp\\rust_mozprofile.lVrsjjsFRve1"
1530289451769	Marionette	INFO	Listening on port 49994
1530289452226	Marionette	WARN	TLS certificate errors will be ignored for this session
Unable to read VR Path Registry from C:\Users\dicke\AppData\Local\openvr\openvrpaths.vrpath
[Child 4788, Chrome_ChildThread] WARNING: pipe error: 109: file z:/build/build/src/ipc/chromium/src/chrome/common/ipc_channel_win.cc, line 346
[Child 4788, Chrome_ChildThread] WARNING: pipe error: 109: file z:/build/build/src/ipc/chromium/src/chrome/common/ipc_channel_win.cc, line 346
Unable to read VR Path Registry from C:\Users\dicke\AppData\Local\openvr\openvrpaths.vrpath
[Child 4028, Chrome_ChildThread] WARNING: pipe error: 109: file z:/build/build/src/ipc/chromium/src/chrome/common/ipc_channel_win.cc, line 346
[Child 4028, Chrome_ChildThread] WARNING: pipe error: 109: file z:/build/build/src/ipc/chromium/src/chrome/common/ipc_channel_win.cc, line 346
Unable to read VR Path Registry from C:\Users\dicke\AppData\Local\openvr\openvrpaths.vrpath
[Parent 4612, Gecko_IOThread] WARNING: pipe error: 109: file z:/build/build/src/ipc/chromium/src/chrome/common/ipc_channel_win.cc, line 346
Unable to read VR Path Registry from C:\Users\dicke\AppData\Local\openvr\openvrpaths.vrpath
[Child 5388, Chrome_ChildThread] WARNING: pipe error: 109: file z:/build/build/src/ipc/chromium/src/chrome/common/ipc_channel_win.cc, line 346
[Child 5388, Chrome_ChildThread] WARNING: pipe error: 109: file z:/build/build/src/ipc/chromium/src/chrome/common/ipc_channel_win.cc, line 346
[Parent 4612, Gecko_IOThread] WARNING: file z:/build/build/src/ipc/chromium/src/base/process_util_win.cc, line 188
rome_ChildThread] WARNING: pipe error: 109: file z:/build/build/src/ipc/chromium/src/chrome/common/ipc_channel_win.cc, line 346
Unable to read VR Path Registry from C:\Users\dicke\AppData\Local\openvr\openvrpaths.vrpath
[Child 6976, Chrome_ChildThread] WARNING: pipe error: 109: file z:/build/build/src/ipc/chromium/src/chrome/common/ipc_channel_win.cc, line 346
[Child 6976, Chrome_ChildThread] WARNING: pipe error: 109: file z:/build/build/src/ipc/chromium/src/chrome/common/ipc_channel_win.cc, line 346
*** UTM:SVC TimerManager:registerTimer called after profile-before-change notification. Ignoring timer registration for id: telemetry_modules_ping

###!!! [Child][MessageChannel::SendAndWait] Error: Channel error: cannot send/recv

Unable to read VR Path Registry from C:\Users\dicke\AppData\Local\openvr\openvrpaths.vrpath
1530295675103	geckodriver	INFO	geckodriver 0.21.0
1530295675103	geckodriver	INFO	Listening on 127.0.0.1:50389
1530295677960	mozrunner::runner	INFO	Running command: "C:\\Program Files\\Mozilla Firefox\\firefox.exe" "-marionette" "-foreground" "-no-remote" "-profile" "C:\\Users\\dicke\\AppData\\Local\\Temp\\rust_mozprofile.q2xZhDqJ4ynN"
1530295684388	Marionette	INFO	Listening on port 50397
1530295684553	Marionette	WARN	TLS certificate errors will be ignored for this session
Unable to read VR Path Registry from C:\Users\dicke\AppData\Local\openvr\openvrpaths.vrpath
[Parent 6972, Gecko_IOThread] WARNING: pipe error: 109: file z:/build/build/src/ipc/chromium/src/chrome/common/ipc_channel_win.cc, line 346
Unable to read VR Path Registry from C:\Users\dicke\AppData\Local\openvr\openvrpaths.vrpath
[Child 6496, Chrome_ChildThread] WARNING: pipe error: 109: file z:/build/build/src/ipc/chromium/src/chrome/common/ipc_channel_win.cc, line 346
[Parent 6972, Gecko_IOThread] WARNING: pipe error: 109: file z:/build/build/src/ipc/chromium/src/chrome/common/ipc_channel_win.cc, line 346
Unable to read VR Path Registry from C:\Users\dicke\AppData\Local\openvr\openvrpaths.vrpath
[Child 7076, Chrome_ChildThread] WARNING: pipe error: 109: file z:/build/build/src/ipc/chromium/src/chrome/common/ipc_channel_win.cc, line 346
[Parent 6972, Gecko_IOThread] WARNING: file z:/build/build/src/ipc/chromium/src/base/process_util_win.cc, line 188
*** UTM:SVC TimerManager:registerTimer called after profile-before-change notification. Ignoring timer registration for id: telemetry_modules_ping
Unable to read VR Path Registry from C:\Users\dicke\AppData\Local\openvr\openvrpaths.vrpath
[GPU 6680, Chrome_ChildThread] WARNING: pipe error: 109: file z:/build/build/src/ipc/chromium/src/chrome/common/ipc_channel_win.cc, line 346

###!!! [Child][MessageChannel::SendAndWait] Error: Channel error: cannot send/recv

1530295734715	geckodriver	INFO	geckodriver 0.21.0
1530295734715	geckodriver	INFO	Listening on 127.0.0.1:50461
1530295737707	mozrunner::runner	INFO	Running command: "C:\\Program Files\\Mozilla Firefox\\firefox.exe" "-marionette" "-foreground" "-no-remote" "-profile" "C:\\Users\\dicke\\AppData\\Local\\Temp\\rust_mozprofile.rUIHlLeifHcg"
1530295741126	Marionette	INFO	Listening on port 50469
1530295741977	Marionette	WARN	TLS certificate errors will be ignored for this session
Unable to read VR Path Registry from C:\Users\dicke\AppData\Local\openvr\openvrpaths.vrpath
[Child 7440, Chrome_ChildThread] WARNING: pipe error: 109: file z:/build/build/src/ipc/chromium/src/chrome/common/ipc_channel_win.cc, line 346
[Child 7440, Chrome_ChildThread] WARNING: pipe error: 109: file z:/build/build/src/ipc/chromium/src/chrome/common/ipc_channel_win.cc, line 346
Unable to read VR Path Registry from C:\Users\dicke\AppData\Local\openvr\openvrpaths.vrpath
[Child 8164, Chrome_ChildThread] WARNING: pipe error: 109: file z:/build/build/src/ipc/chromium/src/chrome/common/ipc_channel_win.cc, line 346
[Child 8164, Chrome_ChildThread] WARNING: pipe error: 109: file z:/build/build/src/ipc/chromium/src/chrome/common/ipc_channel_win.cc, line 346
Unable to read VR Path Registry from C:\Users\dicke\AppData\Local\openvr\openvrpaths.vrpath
[Parent 7668, Gecko_IOThread] WARNING: pipe error: 109: file z:/build/build/src/ipc/chromium/src/chrome/common/ipc_channel_win.cc, line 346
Unable to read VR Path Registry from C:\Users\dicke\AppData\Local\openvr\openvrpaths.vrpath
[Child 8056, Chrome_ChildThread] WARNING: pipe error: 109: file z:/build/build/src/ipc/chromium/src/chrome/common/ipc_channel_win.cc, line 346
[Child 8056, Chrome_ChildThread] WARNING: pipe error: 109: file z:/build/build/src/ipc/chromium/src/chrome/common/ipc_channel_win.cc, line 346
*** UTM:SVC TimerManager:registerTimer called after profile-before-change notification. Ignoring timer registration for id: telemetry_modules_ping
Unable to read VR Path Registry from C:\Users\dicke\AppData\Local\openvr\openvrpaths.vrpath
[GPU 7912, Chrome_ChildThread] WARNING: pipe error: 109: file z:/build/build/src/ipc/chromium/src/chrome/common/ipc_channel_win.cc, line 346

###!!! [Child][MessageChannel::SendAndWait] Error: Channel error: cannot send/recv

1530295764137	geckodriver	INFO	geckodriver 0.21.0
1530295764153	geckodriver	INFO	Listening on 127.0.0.1:50531
1530295767018	mozrunner::runner	INFO	Running command: "C:\\Program Files\\Mozilla Firefox\\firefox.exe" "-marionette" "-foreground" "-no-remote" "-profile" "C:\\Users\\dicke\\AppData\\Local\\Temp\\rust_mozprofile.1oEnLiN7UPPb"
1530295770313	Marionette	INFO	Listening on port 50539
1530295770413	Marionette	WARN	TLS certificate errors will be ignored for this session
Unable to read VR Path Registry from C:\Users\dicke\AppData\Local\openvr\openvrpaths.vrpath
[Child 7304, Chrome_ChildThread] WARNING: pipe error: 109: file z:/build/build/src/ipc/chromium/src/chrome/common/ipc_channel_win.cc, line 346
[Child 7304, Chrome_ChildThread] WARNING: pipe error: 109: file z:/build/build/src/ipc/chromium/src/chrome/common/ipc_channel_win.cc, line 346
Unable to read VR Path Registry from C:\Users\dicke\AppData\Local\openvr\openvrpaths.vrpath
[Parent 7016, Gecko_IOThread] WARNING: pipe error: 109: file z:/build/build/src/ipc/chromium/src/chrome/common/ipc_channel_win.cc, line 346
[Parent 7016, Gecko_IOThread] WARNING: pipe error: 109: file z:/build/build/src/ipc/chromium/src/chrome/common/ipc_channel_win.cc, line 346
Unable to read VR Path Registry from C:\Users\dicke\AppData\Local\openvr\openvrpaths.vrpath
[Child 7240, Chrome_ChildThread] WARNING: pipe error: 109: file z:/build/build/src/ipc/chromium/src/chrome/common/ipc_channel_win.cc, line 346
[Child 7240, Chrome_ChildThread] WARNING: pipe error: 109: file z:/build/build/src/ipc/chromium/src/chrome/common/ipc_channel_win.cc, line 346
Unable to read VR Path Registry from C:\Users\dicke\AppData\Local\openvr\openvrpaths.vrpath
[Child 6224, Chrome_ChildThread] WARNING: pipe error: 109: file z:/build/build/src/ipc/chromium/src/chrome/common/ipc_channel_win.cc, line 346
[Child 6224, Chrome_ChildThread] WARNING: pipe error: 109: file z:/build/build/src/ipc/chromium/src/chrome/common/ipc_channel_win.cc, line 346
[Parent 7016, Gecko_IOThread] WARNING: pipe error: 109: file z:/build/build/src/ipc/chromium/src/chrome/common/ipc_channel_win.cc, line 346
Unable to read VR Path Registry from C:\Users\dicke\AppData\Local\openvr\openvrpaths.vrpath
[Child 7800, Chrome_ChildThread] WARNING: pipe error: 109: file z:/build/build/src/ipc/chromium/src/chrome/common/ipc_channel_win.cc, line 346
[Child 7800, Chrome_ChildThread] WARNING: pipe error: 109: file z:/build/build/src/ipc/chromium/src/chrome/common/ipc_channel_win.cc, line 346
*** UTM:SVC TimerManager:registerTimer called after profile-before-change notification. Ignoring timer registration for id: telemetry_modules_ping
Unable to read VR Path Registry from C:\Users\dicke\AppData\Local\openvr\openvrpaths.vrpath
[GPU 8032, Chrome_ChildThread] WARNING: pipe error: 109: file z:/build/build/src/ipc/chromium/src/chrome/common/ipc_channel_win.cc, line 346

###!!! [Child][MessageChannel::SendAndWait] Error: Channel error: cannot send/recv

1530295802883	geckodriver	INFO	geckodriver 0.21.0
1530295802898	geckodriver	INFO	Listening on 127.0.0.1:50607
1530295805705	mozrunner::runner	INFO	Running command: "C:\\Program Files\\Mozilla Firefox\\firefox.exe" "-marionette" "-foreground" "-no-remote" "-profile" "C:\\Users\\dicke\\AppData\\Local\\Temp\\rust_mozprofile.YQWxRUe9iLw6"
1530295809399	Marionette	INFO	Listening on port 50615
1530295809597	Marionette	WARN	TLS certificate errors will be ignored for this session
Unable to read VR Path Registry from C:\Users\dicke\AppData\Local\openvr\openvrpaths.vrpath
[Child 6704, Chrome_ChildThread] WARNING: pipe error: 109: file z:/build/build/src/ipc/chromium/src/chrome/common/ipc_channel_win.cc, line 346
[Child 6704, Chrome_ChildThread] WARNING: pipe error: 109: file z:/build/build/src/ipc/chromium/src/chrome/common/ipc_channel_win.cc, line 346
Unable to read VR Path Registry from C:\Users\dicke\AppData\Local\openvr\openvrpaths.vrpath
[GPU 5696, Chrome_ChildThread] WARNING: pipe error: 109: file z:/build/build/src/ipc/chromium/src/chrome/common/ipc_channel_win.cc, line 346
Unable to read VR Path Registry from C:\Users\dicke\AppData\Local\openvr\openvrpaths.vrpath
1530295916105	geckodriver	INFO	geckodriver 0.21.0
1530295916120	geckodriver	INFO	Listening on 127.0.0.1:50683
1530295919163	mozrunner::runner	INFO	Running command: "C:\\Program Files\\Mozilla Firefox\\firefox.exe" "-marionette" "-foreground" "-no-remote" "-profile" "C:\\Users\\dicke\\AppData\\Local\\Temp\\rust_mozprofile.HphykuWFlR5p"
1530295922771	Marionette	INFO	Listening on port 50691
1530295923577	Marionette	WARN	TLS certificate errors will be ignored for this session
1530296359854	geckodriver	INFO	geckodriver 0.21.0
1530296359869	geckodriver	INFO	Listening on 127.0.0.1:50838
1530296362739	mozrunner::runner	INFO	Running command: "C:\\Program Files\\Mozilla Firefox\\firefox.exe" "-marionette" "-foreground" "-no-remote" "-profile" "C:\\Users\\dicke\\AppData\\Local\\Temp\\rust_mozprofile.dKvSTyFqCCIn"
1530296365665	Marionette	INFO	Listening on port 50846
1530296365991	Marionette	WARN	TLS certificate errors will be ignored for this session
Unable to read VR Path Registry from C:\Users\dicke\AppData\Local\openvr\openvrpaths.vrpath
[Child 4320, Chrome_ChildThread] WARNING: pipe error: 109: file z:/build/build/src/ipc/chromium/src/chrome/common/ipc_channel_win.cc, line 346
[Child 4320, Chrome_ChildThread] WARNING: pipe error: 109: file z:/build/build/src/ipc/chromium/src/chrome/common/ipc_channel_win.cc, line 346
Unable to read VR Path Registry from C:\Users\dicke\AppData\Local\openvr\openvrpaths.vrpath
JavaScript error: https://www.bloomberg.com/news/features/2018-06-28/did-this-jeweler-to-the-stars-commit-the-biggest-bank-fraud-in-india-s-history, line 4: TypeError: window.optimizely is undefined
JavaScript error: https://s0.2mdn.net/2276943/1505409687392/texting_728x90/texting_728x90/texting_728x90.js?1504899621435, line 338: TypeError: this.img3 is undefined
Unable to read VR Path Registry from C:\Users\dicke\AppData\Local\openvr\openvrpaths.vrpath
JavaScript error: https://www.bloomberg.com/news/features/2018-06-13/the-women-s-libido-pill-is-back-and-so-is-the-controversy, line 4: TypeError: window.optimizely is undefined
JavaScript error: https://s0.2mdn.net/2276943/1509124956652/Adc_aex_BookCover_728x90/BookCover_728x90/BookCover_728x90.js?1504716838741, line 216: TypeError: this.img3 is undefined
Unable to read VR Path Registry from C:\Users\dicke\AppData\Local\openvr\openvrpaths.vrpath
[Child 3044, Chrome_ChildThread] WARNING: pipe error: 109: file z:/build/build/src/ipc/chromium/src/chrome/common/ipc_channel_win.cc, line 346
[Child 3044, Chrome_ChildThread] WARNING: pipe error: 109: file z:/build/build/src/ipc/chromium/src/chrome/common/ipc_channel_win.cc, line 346
[Child 2732, Chrome_ChildThread] WARNING: pipe error: 109: file z:/build/build/src/ipc/chromium/src/chrome/common/ipc_channel_win.cc, line 346
[Child 2732, Chrome_ChildThread] WARNING: pipe error: 109: file z:/build/build/src/ipc/chromium/src/chrome/common/ipc_channel_win.cc, line 346
[Child 5548, Chrome_ChildThread] WARNING: pipe error: 109: file z:/build/build/src/ipc/chromium/src/chrome/common/ipc_channel_win.cc, line 346
[Child 5548, Chrome_ChildThread] WARNING: pipe error: 109: file z:/build/build/src/ipc/chromium/src/chrome/common/ipc_channel_win.cc, line 346
Unable to read VR Path Registry from C:\Users\dicke\AppData\Local\openvr\openvrpaths.vrpath
[Parent 4228, Gecko_IOThread] WARNING: pipe error: 109: file z:/build/build/src/ipc/chromium/src/chrome/common/ipc_channel_win.cc, line 346
Unable to read VR Path Registry from C:\Users\dicke\AppData\Local\openvr\openvrpaths.vrpath
[Child 6036, Chrome_ChildThread] WARNING: pipe error: 109: file z:/build/build/src/ipc/chromium/src/chrome/common/ipc_channel_win.cc, line 346
[Child 6036, Chrome_ChildThread] WARNING: pipe error: 109: file z:/build/build/src/ipc/chromium/src/chrome/common/ipc_channel_win.cc, line 346
Unable to read VR Path Registry from C:\Users\dicke\AppData\Local\openvr\openvrpaths.vrpath
[GPU 1100, Chrome_ChildThread] WARNING: pipe error: 109: file z:/build/build/src/ipc/chromium/src/chrome/common/ipc_channel_win.cc, line 346

###!!! [Child][MessageChannel::SendAndWait] Error: Channel error: cannot send/recv

1530297388389	geckodriver	INFO	geckodriver 0.21.0
1530297388407	geckodriver	INFO	Listening on 127.0.0.1:51508
1530297391146	mozrunner::runner	INFO	Running command: "C:\\Program Files\\Mozilla Firefox\\firefox.exe" "-marionette" "-foreground" "-no-remote" "-profile" "C:\\Users\\dicke\\AppData\\Local\\Temp\\rust_mozprofile.7WMCBGejIMzO"
1530297394121	Marionette	INFO	Listening on port 51516
1530297394785	Marionette	WARN	TLS certificate errors will be ignored for this session
Unable to read VR Path Registry from C:\Users\dicke\AppData\Local\openvr\openvrpaths.vrpath
[Child 568, Chrome_ChildThread] WARNING: pipe error: 109: file z:/build/build/src/ipc/chromium/src/chrome/common/ipc_channel_win.cc, line 346
Unable to read VR Path Registry from C:\Users\dicke\AppData\Local\openvr\openvrpaths.vrpath
[Child 5900, Chrome_ChildThread] WARNING: pipe error: 109: file z:/build/build/src/ipc/chromium/src/chrome/common/ipc_channel_win.cc, line 346
[Child 5900, Chrome_ChildThread] WARNING: pipe error: 109: file z:/build/build/src/ipc/chromium/src/chrome/common/ipc_channel_win.cc, line 346
Unable to read VR Path Registry from C:\Users\dicke\AppData\Local\openvr\openvrpaths.vrpath
[Parent 2076, Gecko_IOThread] WARNING: file z:/build/build/src/ipc/chromium/src/base/process_util_win.cc, line 188
Unable to read VR Path Registry from C:\Users\dicke\AppData\Local\openvr\openvrpaths.vrpath
[Child 4824, Chrome_ChildThread] WARNING: pipe error: 109: file z:/build/build/src/ipc/chromium/src/chrome/common/ipc_channel_win.cc, line 346
[Child 4824, Chrome_ChildThread] WARNING: pipe error: 109: file z:/build/build/src/ipc/chromium/src/chrome/common/ipc_channel_win.cc, line 346
*** UTM:SVC TimerManager:registerTimer called after profile-before-change notification. Ignoring timer registration for id: telemetry_modules_ping
Unable to read VR Path Registry from C:\Users\dicke\AppData\Local\openvr\openvrpaths.vrpath
[GPU 6700, Chrome_ChildThread] WARNING: pipe error: 109: file z:/build/build/src/ipc/chromium/src/chrome/common/ipc_channel_win.cc, line 346

###!!! [Child][MessageChannel::SendAndWait] Error: Channel error: cannot send/recv

1530297430488	geckodriver	INFO	geckodriver 0.21.0
1530297430504	geckodriver	INFO	Listening on 127.0.0.1:51576
1530297433553	mozrunner::runner	INFO	Running command: "C:\\Program Files\\Mozilla Firefox\\firefox.exe" "-marionette" "-foreground" "-no-remote" "-profile" "C:\\Users\\dicke\\AppData\\Local\\Temp\\rust_mozprofile.I6XERVqvfmdh"
1530297435914	Marionette	INFO	Listening on port 51584
1530297436473	Marionette	WARN	TLS certificate errors will be ignored for this session
Unable to read VR Path Registry from C:\Users\dicke\AppData\Local\openvr\openvrpaths.vrpath
JavaScript error: https://static-media-prod-cdn.sumo.mozilla.net/static/build/common-min.4d86858ec129.js, line 10: Error: Error retrieving geoip data
JavaScript warning: https://www.googletagmanager.com/gtag/js?id=UA-36116321-2&l=dataLayer, line 68: unreachable code after return statement
JavaScript warning: https://www.googletagmanager.com/gtag/js?id=UA-36116321-2&l=dataLayer, line 68: unreachable code after return statement
icke\AppData\Local\openvr\openvrpaths.vrpath
[Child 5176, Chrome_ChildThread] WARNING: pipe error: 109: file z:/build/build/src/ipc/chromium/src/chrome/common/ipc_channel_win.cc, line 346
[Child 5176, Chrome_ChildThread] WARNING: pipe error: 109: file z:/build/build/src/ipc/chromium/src/chrome/common/ipc_channel_win.cc, line 346
Unable to read VR Path Registry from C:\Users\dicke\AppData\Local\openvr\openvrpaths.vrpath
[Child 3804, Chrome_ChildThread] WARNING: pipe error: 109: file z:/build/build/src/ipc/chromium/src/chrome/common/ipc_channel_win.cc, line 346
[Child 3804, Chrome_ChildThread] WARNING: pipe error: 109: file z:/build/build/src/ipc/chromium/src/chrome/common/ipc_channel_win.cc, line 346
Unable to read VR Path Registry from C:\Users\dicke\AppData\Local\openvr\openvrpaths.vrpath
[Child 8096, Chrome_ChildThread] WARNING: pipe error: 109: file z:/build/build/src/ipc/chromium/src/chrome/common/ipc_channel_win.cc, line 346
[Child 8096, Chrome_ChildThread] WARNING: pipe error: 109: file z:/build/build/src/ipc/chromium/src/chrome/common/ipc_channel_win.cc, line 346
Unable to read VR Path Registry from C:\Users\dicke\AppData\Local\openvr\openvrpaths.vrpath
[GPU 6872, Chrome_ChildThread] WARNING: pipe error: 109: file z:/build/build/src/ipc/chromium/src/chrome/common/ipc_channel_win.cc, line 346
Unable to read VR Path Registry from C:\Users\dicke\AppData\Local\openvr\openvrpaths.vrpath
1530297739347	geckodriver	INFO	geckodriver 0.21.0
1530297739347	geckodriver	INFO	Listening on 127.0.0.1:51727
1530297742398	mozrunner::runner	INFO	Running command: "C:\\Program Files\\Mozilla Firefox\\firefox.exe" "-marionette" "-foreground" "-no-remote" "-profile" "C:\\Users\\dicke\\AppData\\Local\\Temp\\rust_mozprofile.01vwbZ8roucM"
1530297745961	Marionette	INFO	Listening on port 51735
1530297746299	Marionette	WARN	TLS certificate errors will be ignored for this session
Unable to read VR Path Registry from C:\Users\dicke\AppData\Local\openvr\openvrpaths.vrpath
[Child 7472, Chrome_ChildThread] WARNING: pipe error: 109: file z:/build/build/src/ipc/chromium/src/chrome/common/ipc_channel_win.cc, line 346
[Child 7472, Chrome_ChildThread] WARNING: pipe error: 109: file z:/build/build/src/ipc/chromium/src/chrome/common/ipc_channel_win.cc, line 346
Unable to read VR Path Registry from C:\Users\dicke\AppData\Local\openvr\openvrpaths.vrpath
[Child 7824, Chrome_ChildThread] WARNING: pipe error: 109: file z:/build/build/src/ipc/chromium/src/chrome/common/ipc_channel_win.cc, line 346
[Child 7824, Chrome_ChildThread] WARNING: pipe error: 109: file z:/build/build/src/ipc/chromium/src/chrome/common/ipc_channel_win.cc, line 346
*** UTM:SVC TimerManager:registerTimer called after profile-before-change notification. Ignoring timer registration for id: telemetry_modules_ping
Unable to read VR Path Registry from C:\Users\dicke\AppData\Local\openvr\openvrpaths.vrpath
[GPU 4320, Chrome_ChildThread] WARNING: pipe error: 109: file z:/build/build/src/ipc/chromium/src/chrome/common/ipc_channel_win.cc, line 346
Unable to read VR Path Registry from C:\Users\dicke\AppData\Local\openvr\openvrpaths.vrpath
1530298625181	geckodriver	INFO	geckodriver 0.21.0
1530298625189	geckodriver	INFO	Listening on 127.0.0.1:53541
1530298628168	mozrunner::runner	INFO	Running command: "C:\\Program Files\\Mozilla Firefox\\firefox.exe" "-marionette" "-foreground" "-no-remote" "-profile" "C:\\Users\\dicke\\AppData\\Local\\Temp\\rust_mozprofile.AnulaPzkCeth"
1530298630941	Marionette	INFO	Listening on port 53549
1530298631384	Marionette	WARN	TLS certificate errors will be ignored for this session
Unable to read VR Path Registry from C:\Users\dicke\AppData\Local\openvr\openvrpaths.vrpath
[Parent 4924, Gecko_IOThread] WARNING: pipe error: 109: file z:/build/build/src/ipc/chromium/src/chrome/common/ipc_channel_win.cc, line 346
Unable to read VR Path Registry from C:\Users\dicke\AppData\Local\openvr\openvrpaths.vrpath
[Child 8748, Chrome_ChildThread] WARNING: pipe error: 109: file z:/build/build/src/ipc/chromium/src/chrome/common/ipc_channel_win.cc, line 346
[Child 8748, Chrome_ChildThread] WARNING: pipe error: 109: file z:/build/build/src/ipc/chromium/src/chrome/common/ipc_channel_win.cc, line 346
Unable to read VR Path Registry from C:\Users\dicke\AppData\Local\openvr\openvrpaths.vrpath
[Child 7424, Chrome_ChildThread] WARNING: pipe error: 109: file z:/build/build/src/ipc/chromium/src/chrome/common/ipc_channel_win.cc, line 346
[Child 7424, Chrome_ChildThread] WARNING: pipe error: 109: file z:/build/build/src/ipc/chromium/src/chrome/common/ipc_channel_win.cc, line 346
[Parent 4924, Gecko_IOThread] WARNING: pipe error: 109: file z:/build/build/src/ipc/chromium/src/chrome/common/ipc_channel_win.cc, line 346
Unable to read VR Path Registry from C:\Users\dicke\AppData\Local\openvr\openvrpaths.vrpath
[Child 8372, Chrome_ChildThread] WARNING: pipe error: 109: file z:/build/build/src/ipc/chromium/src/chrome/common/ipc_channel_win.cc, line 346
[Child 8372, Chrome_ChildThread] WARNING: pipe error: 109: file z:/build/build/src/ipc/chromium/src/chrome/common/ipc_channel_win.cc, line 346
Unable to read VR Path Registry from C:\Users\dicke\AppData\Local\openvr\openvrpaths.vrpath
[Child 8920, Chrome_ChildThread] WARNING: pipe error: 109: file z:/build/build/src/ipc/chromium/src/chrome/common/ipc_channel_win.cc, line 346
[Child 8920, Chrome_ChildThread] WARNING: pipe error: 109: file z:/build/build/src/ipc/chromium/src/chrome/common/ipc_channel_win.cc, line 346
*** UTM:SVC TimerManager:registerTimer called after profile-before-change notification. Ignoring timer registration for id: telemetry_modules_ping
Unable to read VR Path Registry from C:\Users\dicke\AppData\Local\openvr\openvrpaths.vrpath
[GPU 2732, Chrome_ChildThread] WARNING: pipe error: 109: file z:/build/build/src/ipc/chromium/src/chrome/common/ipc_channel_win.cc, line 346

###!!! [Child][MessageChannel::SendAndWait] Error: Channel error: cannot send/recv

1530302035009	geckodriver	INFO	geckodriver 0.21.0
1530302035018	geckodriver	INFO	Listening on 127.0.0.1:53711
1530302037955	mozrunner::runner	INFO	Running command: "C:\\Program Files\\Mozilla Firefox\\firefox.exe" "-marionette" "-foreground" "-no-remote" "-profile" "C:\\Users\\dicke\\AppData\\Local\\Temp\\rust_mozprofile.M6XSTl86pXk5"
[GFX1-]: Failed to connect GPU process
[GFX1-]: [D3D11] failed to get compositor device.
[GFX1-]: [D3D11] Failed to init compositor with reason: FEATURE_FAILURE_D3D11_NO_DEVICE
[GFX1-]: [D3D11] failed to get compositor device.
[GFX1-]: [D3D11] Failed to init compositor with reason: FEATURE_FAILURE_D3D11_NO_DEVICE
[GFX1-]: Could not get a DXGI adapter
1530302053044	Marionette	INFO	Listening on port 53719
Unable to read VR Path Registry from C:\Users\dicke\AppData\Local\openvr\openvrpaths.vrpath
[Child 4812, Chrome_ChildThread] WARNING: pipe error: 109: file z:/build/build/src/ipc/chromium/src/chrome/common/ipc_channel_win.cc, line 346
[Child 4812, Chrome_ChildThread] WARNING: pipe error: 109: file z:/build/build/src/ipc/chromium/src/chrome/common/ipc_channel_win.cc, line 346
1530302053265	Marionette	WARN	TLS certificate errors will be ignored for this session
[GFX1-]: Could not get a DXGI adapter
[GFX1-]: Could not get a DXGI adapter
[GFX1-]: Could not get a DXGI adapter
1530302293954	geckodriver	INFO	geckodriver 0.21.0
1530302293962	geckodriver	INFO	Listening on 127.0.0.1:53832
1530302296901	mozrunner::runner	INFO	Running command: "C:\\Program Files\\Mozilla Firefox\\firefox.exe" "-marionette" "-foreground" "-no-remote" "-profile" "C:\\Users\\dicke\\AppData\\Local\\Temp\\rust_mozprofile.uam3mRapEle7"
1530302301790	Marionette	INFO	Listening on port 53840
1530302302269	Marionette	WARN	TLS certificate errors will be ignored for this session
Unable to read VR Path Registry from C:\Users\dicke\AppData\Local\openvr\openvrpaths.vrpath
[Child 8876, Chrome_ChildThread] WARNING: pipe error: 109: file z:/build/build/src/ipc/chromium/src/chrome/common/ipc_channel_win.cc, line 346
[Child 8876, Chrome_ChildThread] WARNING: pipe error: 109: file z:/build/build/src/ipc/chromium/src/chrome/common/ipc_channel_win.cc, line 346
Unable to read VR Path Registry from C:\Users\dicke\AppData\Local\openvr\openvrpaths.vrpath
[Parent 9268, Gecko_IOThread] WARNING: pipe error: 109: file z:/build/build/src/ipc/chromium/src/chrome/common/ipc_channel_win.cc, line 346
Unable to read VR Path Registry from C:\Users\dicke\AppData\Local\openvr\openvrpaths.vrpath
JavaScript error: , line 0: uncaught exception: Invalid /api/body response
JavaScript error: , line 0: uncaught exception: Invalid /api/body response
[Child 5380, Chrome_ChildThread] WARNING: pipe error: 109: file z:/build/build/src/ipc/chromium/src/chrome/common/ipc_channel_win.cc, line 346
Unable to read VR Path Registry from C:\Users\dicke\AppData\Local\openvr\openvrpaths.vrpath
JavaScript warning: https://static.digg.com/static/fe/3eb69f/js/external/backbone/1.0.0/backbone-min.js, line 2: Using //@ to indicate sourceMappingURL pragmas is deprecated. Use //# instead
Unable to read VR Path Registry from C:\Users\dicke\AppData\Local\openvr\openvrpaths.vrpath
JavaScript error: https://mashable.com/2015/08/02/google-plus-history/, line 5: SyntaxError: expected expression, got ','
JavaScript error: https://a.teads.tv/page/12927/tag, line 7: TypeError: _tt_articles[(_tt_articles.length - 1)] is undefined
JavaScript warning: https://www.bloomberg.com/graphics/2015-paul-ford-what-is-code/scripts/botLearninal.js, line 470: unreachable code after return statement
JavaScript warning: https://www.bloomberg.com/graphics/2015-paul-ford-what-is-code/scripts/botLearninal.js, line 470: unreachable code after return statement
IPDL protocol error: Handler returned error code!

###!!! [Parent][DispatchAsyncMessage] Error: PAPZCTreeManager::Msg_SetTargetAPZC Processing error: message was deserialized, but the handler returned false (indicating failure)

JavaScript error: https://cdn.connatix.com/min/connatix.renderer.infeed.min.js, line 3: NS_ERROR_NOT_INITIALIZED: 
JavaScript error: https://static.adsafeprotected.com/main.17.4.114.js, line 102: NS_ERROR_NOT_INITIALIZED: 
JavaScript error: https://c.amazon-adsystem.com/aax2/apstag.js, line 2: TypeError: e is undefined
JavaScript error: https://static.adsafeprotected.com/main.17.4.114.js, line 200: TypeError: b is undefined
JavaScript error: https://js.spotx.tv/ados/v1/210913.js, line 34: NS_ERROR_NOT_INITIALIZED: 
JavaScript error: https://js.spotx.tv/ados/v1/214705.js, line 34: NS_ERROR_NOT_INITIALIZED: 
JavaScript error: https://js.spotx.tv/ados/v1/210912.js, line 34: NS_ERROR_NOT_INITIALIZED: 
JavaScript error: https://js.spotx.tv/ados/v1/213007.js, line 34: NS_ERROR_NOT_INITIALIZED: 
JavaScript error: https://js.spotx.tv/ados/v1/213005.js, line 34: NS_ERROR_NOT_INITIALIZED: 
JavaScript error: https://js.spotx.tv/ados/v1/213006.js, line 34: NS_ERROR_NOT_INITIALIZED: 
JavaScript error: https://js.spotx.tv/ados/v1/193693.js, line 34: NS_ERROR_NOT_INITIALIZED: 
JavaScript error: https://js.spotx.tv/ados/v1/210913.js, line 34: NS_ERROR_NOT_INITIALIZED: 
JavaScript error: https://js.spotx.tv/ados/v1/214705.js, line 34: NS_ERROR_NOT_INITIALIZED: 
JavaScript error: https://js.spotx.tv/ados/v1/210912.js, line 34: NS_ERROR_NOT_INITIALIZED: 
JavaScript error: https://js.spotx.tv/ados/v1/213007.js, line 34: NS_ERROR_NOT_INITIALIZED: 
JavaScript error: https://js.spotx.tv/ados/v1/213005.js, line 34: NS_ERROR_NOT_INITIALIZED: 
JavaScript error: https://js.spotx.tv/ados/v1/213006.js, line 34: NS_ERROR_NOT_INITIALIZED: 
JavaScript error: https://js.spotx.tv/ados/v1/190103.js, line 34: NS_ERROR_NOT_INITIALIZED: 
JavaScript error: https://js.spotx.tv/ados/v1/193693.js, line 34: NS_ERROR_NOT_INITIALIZED: 
JavaScript error: https://js.spotx.tv/ados/v1/210913.js, line 34: NS_ERROR_NOT_INITIALIZED: 
JavaScript error: https://cdn.connatix.com/min/connatix.renderer.infeed.min.js, line 3: NS_ERROR_NOT_INITIALIZED: 
JavaScript error: https://js.spotx.tv/ados/v1/193693.js, line 34: NS_ERROR_NOT_INITIALIZED: 
JavaScript error: https://js.spotx.tv/ados/v1/210913.js, line 34: NS_ERROR_NOT_INITIALIZED: 
JavaScript error: https://js.spotx.tv/ados/v1/214705.js, line 34: NS_ERROR_NOT_INITIALIZED: 
JavaScript error: https://js.spotx.tv/ados/v1/210912.js, line 34: NS_ERROR_NOT_INITIALIZED: 
JavaScript error: https://static.adsafeprotected.com/main.17.4.114.js, line 102: NS_ERROR_NOT_INITIALIZED: 
JavaScript error: https://js.spotx.tv/ados/v1/213007.js, line 34: NS_ERROR_NOT_INITIALIZED: 
JavaScript error: https://js.spotx.tv/ados/v1/213005.js, line 34: NS_ERROR_NOT_INITIALIZED: 
JavaScript error: https://js.spotx.tv/ados/v1/213006.js, line 34: NS_ERROR_NOT_INITIALIZED: 
JavaScript error: https://js.spotx.tv/ados/v1/190103.js, line 34: NS_ERROR_NOT_INITIALIZED: 
JavaScript error: https://js.spotx.tv/ados/v1/193693.js, line 34: NS_ERROR_NOT_INITIALIZED: 
JavaScript error: https://js.spotx.tv/ados/v1/210913.js, line 34: NS_ERROR_NOT_INITIALIZED: 
JavaScript error: https://js.spotx.tv/ados/v1/210912.js, line 34: NS_ERROR_NOT_INITIALIZED: 
JavaScript error: https://js.spotx.tv/ados/v1/210913.js, line 34: NS_ERROR_NOT_INITIALIZED: 
JavaScript error: https://js.spotx.tv/ados/v1/210912.js, line 34: NS_ERROR_NOT_INITIALIZED: 
JavaScript error: https://js.spotx.tv/ados/v1/213005.js, line 34: NS_ERROR_NOT_INITIALIZED: 
JavaScript error: https://js.spotx.tv/ados/v1/213006.js, line 34: NS_ERROR_NOT_INITIALIZED: 
JavaScript error: https://js.spotx.tv/ados/v1/190103.js, line 34: NS_ERROR_NOT_INITIALIZED: 
JavaScript error: https://js.spotx.tv/ados/v1/210912.js, line 34: NS_ERROR_NOT_INITIALIZED: 
JavaScript error: https://js.spotx.tv/ados/v1/190103.js, line 34: NS_ERROR_NOT_INITIALIZED: 
JavaScript error: https://static.adsafeprotected.com/main.17.4.114.js, line 102: NS_ERROR_NOT_INITIALIZED: 
JavaScript error: https://static.adsafeprotected.com/main.17.4.114.js, line 200: TypeError: b is undefined
JavaScript error: https://static.adsafeprotected.com/main.17.4.114.js, line 102: NS_ERROR_NOT_INITIALIZED: 
JavaScript error: https://static.adsafeprotected.com/main.17.4.114.js, line 200: TypeError: b is undefined
IPDL protocol error: Handler returned error code!

###!!! [Parent][DispatchAsyncMessage] Error: PAPZCTreeManager::Msg_SetTargetAPZC Processing error: message was deserialized, but the handler returned false (indicating failure)

JavaScript error: https://cdnapisec.kaltura.com/html5/html5lib/v2.69.5/load.php?debug=false&lang=en&modules=Hlsjs%2CacCheck%2CacPreview%2Cbase64_decode%2Cbase64_encode%2Cclass%2CcontrolBarContainer%2CcurrentTimeLabel%2CdurationLabel%2CfullScreenBtn%2Cid3Tag%2CkAnalony%2Ckdark%2CkeyboardShortcuts%2CkgitGuard%2ClargePlayBtn%2CliveAnalytics%2CliveStream%2CmatchMedia%2CmorePlugins%2CnativeBridge%2CplayPauseBtn%2Cpolyfill_Array_filter%2CqualitySettings%2CreportError%2Cscreenfull%2Cscrubber%2Cshare%2CsideBarContainer%2CsourceSelector%2CstatisticsPlugin%2Ctheme%2CtopBarContainer%2CunMuteOverlayButton%2Cutf8_encode%2CvolumeControl%2CwatermarkPlugin%7Cjquery.client%2Ccolor%2Ccookie%2Cdebouncedresize%2ChoverIntent%2CmessageBox%2CmwEmbedUtil%2CmwExtension%2CnaturalSize%7Cjquery.ui.core%2Cmouse%2Cposition%2Cslider%2Ctooltip%2CtouchPunch%2Cwidget%7Cmediawiki.Uri%2CUtilitiesTime%2CUtilitiesUrl%2Cclient%2CjqueryMsg%2Ckmenu%2Clanguage%2Cutil%7Cmediawiki.util.tmpl%7Cmw.AdLoader%2CAdTimeline%2CAkamaiMediaAnalytics%2CBaseAdPlugin%2CDoubleClick%2CEmbedPlayer%2CEmbedPlayerImageOverlay%2CEmbedPlayerKplayer%2CEmbedPlayerNative%2CEmbedPlayerNativeComponent%2CEmbedTypes%2CKAnalytics%2CKBaseButton%2CKBaseComponent%2CKBasePlugin%2CKBaseScreen%2CKBaseSmartContainer%2CKCuePoints%2CKDPMapping%2CKEntryLoader%2CKWidgetSupport%2CKalturaIframePlayerSetup%2CMediaElement%2CMediaPlayer%2CMediaPlayers%2CMediaSource%2CPlayerElement%2CPlayerElementFlash%2CPlayerElementHTML%2CPluginManager%2CVastAdParser%2CajaxProxy%7Cmw.MwEmbedSupport.style&pskwidgetpath=..%2Fkwidget-ps%2F&skin=no-theme&version=20180515T120903Z&*&protocol=https, line 13: TypeError: this is undefined
JavaScript error: https://cdnapisec.kaltura.com/html5/html5lib/v2.69.5/load.php?debug=false&lang=en&modules=Hlsjs%2CacCheck%2CacPreview%2Cbase64_decode%2Cbase64_encode%2Cclass%2CcontrolBarContainer%2CcurrentTimeLabel%2CdurationLabel%2CfullScreenBtn%2Cid3Tag%2CkAnalony%2Ckdark%2CkeyboardShortcuts%2CkgitGuard%2ClargePlayBtn%2CliveAnalytics%2CliveStream%2CmatchMedia%2CmorePlugins%2CnativeBridge%2CplayPauseBtn%2Cpolyfill_Array_filter%2CqualitySettings%2CreportError%2Cscreenfull%2Cscrubber%2Cshare%2CsideBarContainer%2CsourceSelector%2CstatisticsPlugin%2Ctheme%2CtopBarContainer%2CunMuteOverlayButton%2Cutf8_encode%2CvolumeControl%2CwatermarkPlugin%7Cjquery.client%2Ccolor%2Ccookie%2Cdebouncedresize%2ChoverIntent%2CmessageBox%2CmwEmbedUtil%2CmwExtension%2CnaturalSize%7Cjquery.ui.core%2Cmouse%2Cposition%2Cslider%2Ctooltip%2CtouchPunch%2Cwidget%7Cmediawiki.Uri%2CUtilitiesTime%2CUtilitiesUrl%2Cclient%2CjqueryMsg%2Ckmenu%2Clanguage%2Cutil%7Cmediawiki.util.tmpl%7Cmw.AdLoader%2CAdTimeline%2CAkamaiMediaAnalytics%2CBaseAdPlugin%2CDoubleClick%2CEmbedPlayer%2CEmbedPlayerImageOverlay%2CEmbedPlayerKplayer%2CEmbedPlayerNative%2CEmbedPlayerNativeComponent%2CEmbedTypes%2CKAnalytics%2CKBaseButton%2CKBaseComponent%2CKBasePlugin%2CKBaseScreen%2CKBaseSmartContainer%2CKCuePoints%2CKDPMapping%2CKEntryLoader%2CKWidgetSupport%2CKalturaIframePlayerSetup%2CMediaElement%2CMediaPlayer%2CMediaPlayers%2CMediaSource%2CPlayerElement%2CPlayerElementFlash%2CPlayerElementHTML%2CPluginManager%2CVastAdParser%2CajaxProxy%7Cmw.MwEmbedSupport.style&pskwidgetpath=..%2Fkwidget-ps%2F&skin=no-theme&version=20180515T120903Z&*&protocol=https, line 13: TypeError: this is undefined
JavaScript error: https://s0.2mdn.net/instream/video/client.js, line 32: NS_ERROR_NOT_INITIALIZED: 
JavaScript error: https://s0.2mdn.net/instream/video/client.js, line 32: NS_ERROR_NOT_INITIALIZED: 
JavaScript error: https://s0.2mdn.net/instream/video/client.js, line 32: NS_ERROR_NOT_INITIALIZED: 
JavaScript error: https://s0.2mdn.net/instream/video/client.js, line 32: NS_ERROR_NOT_INITIALIZED: 
JavaScript error: https://s0.2mdn.net/instream/video/client.js, line 32: NS_ERROR_NOT_INITIALIZED: 
JavaScript error: https://s0.2mdn.net/instream/video/client.js, line 32: NS_ERROR_NOT_INITIALIZED: 
JavaScript error: https://s0.2mdn.net/instream/video/client.js, line 32: NS_ERROR_NOT_INITIALIZED: 
JavaScript error: https://s0.2mdn.net/instream/video/client.js, line 32: NS_ERROR_NOT_INITIALIZED: 
JavaScript error: https://s0.2mdn.net/instream/video/client.js, line 32: NS_ERROR_NOT_INITIALIZED: 
JavaScript error: https://s0.2mdn.net/instream/video/client.js, line 32: NS_ERROR_NOT_INITIALIZED: 
JavaScript error: https://s0.2mdn.net/instream/video/client.js, line 32: NS_ERROR_NOT_INITIALIZED: 
JavaScript error: https://s0.2mdn.net/instream/video/client.js, line 32: NS_ERROR_NOT_INITIALIZED: 
JavaScript error: https://s0.2mdn.net/instream/video/client.js, line 32: NS_ERROR_NOT_INITIALIZED: 
JavaScript error: https://s0.2mdn.net/instream/video/client.js, line 32: NS_ERROR_NOT_INITIALIZED: 
JavaScript error: https://s0.2mdn.net/instream/video/client.js, line 32: NS_ERROR_NOT_INITIALIZED: 
JavaScript error: https://s0.2mdn.net/instream/video/client.js, line 32: NS_ERROR_NOT_INITIALIZED: 
JavaScript error: https://s0.2mdn.net/instream/video/client.js, line 32: NS_ERROR_NOT_INITIALIZED: 
JavaScript error: https://s0.2mdn.net/instream/video/client.js, line 32: NS_ERROR_NOT_INITIALIZED: 
JavaScript error: https://s0.2mdn.net/instream/video/client.js, line 32: NS_ERROR_NOT_INITIALIZED: 
JavaScript error: https://s0.2mdn.net/instream/video/client.js, line 32: NS_ERROR_NOT_INITIALIZED: 
JavaScript error: https://s0.2mdn.net/instream/video/client.js, line 32: NS_ERROR_NOT_INITIALIZED: 
JavaScript error: https://s0.2mdn.net/instream/video/client.js, line 32: NS_ERROR_NOT_INITIALIZED: 
JavaScript error: https://s0.2mdn.net/instream/video/client.js, line 32: NS_ERROR_NOT_INITIALIZED: 
JavaScript error: https://s0.2mdn.net/instream/video/client.js, line 32: NS_ERROR_NOT_INITIALIZED: 
JavaScript error: https://s0.2mdn.net/instream/video/client.js, line 32: NS_ERROR_NOT_INITIALIZED: 
JavaScript error: https://s0.2mdn.net/instream/video/client.js, line 32: NS_ERROR_NOT_INITIALIZED: 
JavaScript error: https://s0.2mdn.net/instream/video/client.js, line 32: NS_ERROR_NOT_INITIALIZED: 
JavaScript error: https://s0.2mdn.net/instream/video/client.js, line 32: NS_ERROR_NOT_INITIALIZED: 
JavaScript error: https://s0.2mdn.net/instream/video/client.js, line 32: NS_ERROR_NOT_INITIALIZED: 
JavaScript error: https://s0.2mdn.net/instream/video/client.js, line 32: NS_ERROR_NOT_INITIALIZED: 
JavaScript error: https://s0.2mdn.net/instream/video/client.js, line 32: NS_ERROR_NOT_INITIALIZED: 
JavaScript error: https://s0.2mdn.net/instream/video/client.js, line 32: NS_ERROR_NOT_INITIALIZED: 
JavaScript error: https://s0.2mdn.net/instream/video/client.js, line 32: NS_ERROR_NOT_INITIALIZED: 
JavaScript error: https://s0.2mdn.net/instream/video/client.js, line 32: NS_ERROR_NOT_INITIALIZED: 
JavaScript error: https://s0.2mdn.net/instream/video/client.js, line 32: NS_ERROR_NOT_INITIALIZED: 
JavaScript error: https://s0.2mdn.net/instream/video/client.js, line 32: NS_ERROR_NOT_INITIALIZED: 
JavaScript error: https://s0.2mdn.net/instream/video/client.js, line 32: NS_ERROR_NOT_INITIALIZED: 
JavaScript error: https://s0.2mdn.net/instream/video/client.js, line 32: NS_ERROR_NOT_INITIALIZED: 
JavaScript error: https://s0.2mdn.net/instream/video/client.js, line 32: NS_ERROR_NOT_INITIALIZED: 
JavaScript error: https://s0.2mdn.net/instream/video/client.js, line 32: NS_ERROR_NOT_INITIALIZED: 
JavaScript error: https://s0.2mdn.net/instream/video/client.js, line 32: NS_ERROR_NOT_INITIALIZED: 
JavaScript error: https://s0.2mdn.net/instream/video/client.js, line 32: NS_ERROR_NOT_INITIALIZED: 
JavaScript error: https://s0.2mdn.net/instream/video/client.js, line 32: NS_ERROR_NOT_INITIALIZED: 
JavaScript error: https://s0.2mdn.net/instream/video/client.js, line 32: NS_ERROR_NOT_INITIALIZED: 
JavaScript error: https://s0.2mdn.net/instream/video/client.js, line 32: NS_ERROR_NOT_INITIALIZED: 
JavaScript error: https://s0.2mdn.net/instream/video/client.js, line 32: NS_ERROR_NOT_INITIALIZED: 
JavaScript error: https://s0.2mdn.net/instream/video/client.js, line 32: NS_ERROR_NOT_INITIALIZED: 
JavaScript error: https://s0.2mdn.net/instream/video/client.js, line 32: NS_ERROR_NOT_INITIALIZED: 
JavaScript error: https://s0.2mdn.net/instream/video/client.js, line 32: NS_ERROR_NOT_INITIALIZED: 
JavaScript error: https://s0.2mdn.net/instream/video/client.js, line 32: NS_ERROR_NOT_INITIALIZED: 
JavaScript error: https://s0.2mdn.net/instream/video/client.js, line 32: NS_ERROR_NOT_INITIALIZED: 
JavaScript error: https://s0.2mdn.net/instream/video/client.js, line 32: NS_ERROR_NOT_INITIALIZED: 
JavaScript error: https://s0.2mdn.net/instream/video/client.js, line 32: NS_ERROR_NOT_INITIALIZED: 
JavaScript error: https://s0.2mdn.net/instream/video/client.js, line 32: NS_ERROR_NOT_INITIALIZED: 
JavaScript error: https://s0.2mdn.net/instream/video/client.js, line 32: NS_ERROR_NOT_INITIALIZED: 
JavaScript error: https://s0.2mdn.net/instream/video/client.js, line 32: NS_ERROR_NOT_INITIALIZED: 
JavaScript error: https://s0.2mdn.net/instream/video/client.js, line 32: NS_ERROR_NOT_INITIALIZED: 
JavaScript error: https://s0.2mdn.net/instream/video/client.js, line 32: NS_ERROR_NOT_INITIALIZED: 
JavaScript error: https://s0.2mdn.net/instream/video/client.js, line 32: NS_ERROR_NOT_INITIALIZED: 
JavaScript error: https://s0.2mdn.net/instream/video/client.js, line 32: NS_ERROR_NOT_INITIALIZED: 
JavaScript error: https://s0.2mdn.net/instream/video/client.js, line 32: NS_ERROR_NOT_INITIALIZED: 
JavaScript error: https://s0.2mdn.net/instream/video/client.js, line 32: NS_ERROR_NOT_INITIALIZED: 
JavaScript error: https://s0.2mdn.net/instream/video/client.js, line 32: NS_ERROR_NOT_INITIALIZED: 
JavaScript error: https://s0.2mdn.net/instream/video/client.js, line 32: NS_ERROR_NOT_INITIALIZED: 
JavaScript error: https://s0.2mdn.net/instream/video/client.js, line 32: NS_ERROR_NOT_INITIALIZED: 
JavaScript error: https://s0.2mdn.net/instream/video/client.js, line 32: NS_ERROR_NOT_INITIALIZED: 
JavaScript error: https://s0.2mdn.net/instream/video/client.js, line 32: NS_ERROR_NOT_INITIALIZED: 
JavaScript error: https://s0.2mdn.net/instream/video/client.js, line 32: NS_ERROR_NOT_INITIALIZED: 
JavaScript error: https://s0.2mdn.net/instream/video/client.js, line 32: NS_ERROR_NOT_INITIALIZED: 
JavaScript error: https://s0.2mdn.net/instream/video/client.js, line 32: NS_ERROR_NOT_INITIALIZED: 
JavaScript error: https://s0.2mdn.net/instream/video/client.js, line 32: NS_ERROR_NOT_INITIALIZED: 
JavaScript error: https://s0.2mdn.net/instream/video/client.js, line 32: NS_ERROR_NOT_INITIALIZED: 
JavaScript error: https://s0.2mdn.net/instream/video/client.js, line 32: NS_ERROR_NOT_INITIALIZED: 
JavaScript error: https://s0.2mdn.net/instream/video/client.js, line 32: NS_ERROR_NOT_INITIALIZED: 
JavaScript error: https://s0.2mdn.net/instream/video/client.js, line 32: NS_ERROR_NOT_INITIALIZED: 
JavaScript error: https://s0.2mdn.net/instream/video/client.js, line 32: NS_ERROR_NOT_INITIALIZED: 
JavaScript error: https://s0.2mdn.net/instream/video/client.js, line 32: NS_ERROR_NOT_INITIALIZED: 
JavaScript error: https://s0.2mdn.net/instream/video/client.js, line 32: NS_ERROR_NOT_INITIALIZED: 
[Parent 9268, Gecko_IOThread] WARNING: pipe error: 109: file z:/build/build/src/ipc/chromium/src/chrome/common/ipc_channel_win.cc, line 346
JavaScript error: https://s0.2mdn.net/instream/video/client.js, line 32: NS_ERROR_NOT_INITIALIZED: 
JavaScript error: https://s0.2mdn.net/instream/video/client.js, line 32: NS_ERROR_NOT_INITIALIZED: 
JavaScript error: https://s0.2mdn.net/instream/video/client.js, line 32: NS_ERROR_NOT_INITIALIZED: 
JavaScript error: https://s0.2mdn.net/instream/video/client.js, line 32: NS_ERROR_NOT_INITIALIZED: 
JavaScript error: https://s0.2mdn.net/instream/video/client.js, line 32: NS_ERROR_NOT_INITIALIZED: 
JavaScript error: https://s0.2mdn.net/instream/video/client.js, line 32: NS_ERROR_NOT_INITIALIZED: 
JavaScript error: https://s0.2mdn.net/instream/video/client.js, line 32: NS_ERROR_NOT_INITIALIZED: 
JavaScript error: https://s0.2mdn.net/instream/video/client.js, line 32: NS_ERROR_NOT_INITIALIZED: 
JavaScript error: https://s0.2mdn.net/instream/video/client.js, line 32: NS_ERROR_NOT_INITIALIZED: 
JavaScript error: https://s0.2mdn.net/instream/video/client.js, line 32: NS_ERROR_NOT_INITIALIZED: 
JavaScript error: https://s0.2mdn.net/instream/video/client.js, line 32: NS_ERROR_NOT_INITIALIZED: 
JavaScript error: https://s0.2mdn.net/instream/video/client.js, line 32: NS_ERROR_NOT_INITIALIZED: 
JavaScript error: https://s0.2mdn.net/instream/video/client.js, line 32: NS_ERROR_NOT_INITIALIZED: 
JavaScript error: https://s0.2mdn.net/instream/video/client.js, line 32: NS_ERROR_NOT_INITIALIZED: 
JavaScript error: https://s0.2mdn.net/instream/video/client.js, line 32: NS_ERROR_NOT_INITIALIZED: 
JavaScript error: https://s0.2mdn.net/instream/video/client.js, line 32: NS_ERROR_NOT_INITIALIZED: 
JavaScript error: https://s0.2mdn.net/instream/video/client.js, line 32: NS_ERROR_NOT_INITIALIZED: 
JavaScript error: https://s0.2mdn.net/instream/video/client.js, line 32: NS_ERROR_NOT_INITIALIZED: 
JavaScript error: https://s0.2mdn.net/instream/video/client.js, line 32: NS_ERROR_NOT_INITIALIZED: 
JavaScript error: https://s0.2mdn.net/instream/video/client.js, line 32: NS_ERROR_NOT_INITIALIZED: 
JavaScript error: https://s0.2mdn.net/instream/video/client.js, line 32: NS_ERROR_NOT_INITIALIZED: 
JavaScript error: https://s0.2mdn.net/instream/video/client.js, line 32: NS_ERROR_NOT_INITIALIZED: 
JavaScript error: https://s0.2mdn.net/instream/video/client.js, line 32: NS_ERROR_NOT_INITIALIZED: 
JavaScript error: https://s0.2mdn.net/instream/video/client.js, line 32: NS_ERROR_NOT_INITIALIZED: 
JavaScript error: https://s0.2mdn.net/instream/video/client.js, line 32: NS_ERROR_NOT_INITIALIZED: 
JavaScript error: https://s0.2mdn.net/instream/video/client.js, line 32: NS_ERROR_NOT_INITIALIZED: 
JavaScript error: https://s0.2mdn.net/instream/video/client.js, line 32: NS_ERROR_NOT_INITIALIZED: 
JavaScript error: https://s0.2mdn.net/instream/video/client.js, line 32: NS_ERROR_NOT_INITIALIZED: 
JavaScript error: https://s0.2mdn.net/instream/video/client.js, line 32: NS_ERROR_NOT_INITIALIZED: 
JavaScript error: https://s0.2mdn.net/instream/video/client.js, line 32: NS_ERROR_NOT_INITIALIZED: 
JavaScript error: https://s0.2mdn.net/instream/video/client.js, line 32: NS_ERROR_NOT_INITIALIZED: 
JavaScript error: https://s0.2mdn.net/instream/video/client.js, line 32: NS_ERROR_NOT_INITIALIZED: 
JavaScript error: https://s0.2mdn.net/instream/video/client.js, line 32: NS_ERROR_NOT_INITIALIZED: 
JavaScript error: https://s0.2mdn.net/instream/video/client.js, line 32: NS_ERROR_NOT_INITIALIZED: 
JavaScript error: https://s0.2mdn.net/instream/video/client.js, line 32: NS_ERROR_NOT_INITIALIZED: 
JavaScript error: https://s0.2mdn.net/instream/video/client.js, line 32: NS_ERROR_NOT_INITIALIZED: 
JavaScript error: https://s0.2mdn.net/instream/video/client.js, line 32: NS_ERROR_NOT_INITIALIZED: 
JavaScript error: https://s0.2mdn.net/instream/video/client.js, line 32: NS_ERROR_NOT_INITIALIZED: 
JavaScript error: https://s0.2mdn.net/instream/video/client.js, line 32: NS_ERROR_NOT_INITIALIZED: 
JavaScript error: https://s0.2mdn.net/instream/video/client.js, line 32: NS_ERROR_NOT_INITIALIZED: 
JavaScript error: https://s0.2mdn.net/instream/video/client.js, line 32: NS_ERROR_NOT_INITIALIZED: 
JavaScript error: https://s0.2mdn.net/instream/video/client.js, line 32: NS_ERROR_NOT_INITIALIZED: 
JavaScript error: https://s0.2mdn.net/instream/video/client.js, line 32: NS_ERROR_NOT_INITIALIZED: 
JavaScript error: https://s0.2mdn.net/instream/video/client.js, line 32: NS_ERROR_NOT_INITIALIZED: 
JavaScript error: https://s0.2mdn.net/instream/video/client.js, line 32: NS_ERROR_NOT_INITIALIZED: 
JavaScript error: https://s0.2mdn.net/instream/video/client.js, line 32: NS_ERROR_NOT_INITIALIZED: 
JavaScript error: https://s0.2mdn.net/instream/video/client.js, line 32: NS_ERROR_NOT_INITIALIZED: 
JavaScript error: https://s0.2mdn.net/instream/video/client.js, line 32: NS_ERROR_NOT_INITIALIZED: 
JavaScript error: https://s0.2mdn.net/instream/video/client.js, line 32: NS_ERROR_NOT_INITIALIZED: 
JavaScript error: https://s0.2mdn.net/instream/video/client.js, line 32: NS_ERROR_NOT_INITIALIZED: 
JavaScript error: https://s0.2mdn.net/instream/video/client.js, line 32: NS_ERROR_NOT_INITIALIZED: 
JavaScript error: https://s0.2mdn.net/instream/video/client.js, line 32: NS_ERROR_NOT_INITIALIZED: 
JavaScript error: https://s0.2mdn.net/instream/video/client.js, line 32: NS_ERROR_NOT_INITIALIZED: 
JavaScript error: https://s0.2mdn.net/instream/video/client.js, line 32: NS_ERROR_NOT_INITIALIZED: 
JavaScript error: https://s0.2mdn.net/instream/video/client.js, line 32: NS_ERROR_NOT_INITIALIZED: 
JavaScript error: https://s0.2mdn.net/instream/video/client.js, line 32: NS_ERROR_NOT_INITIALIZED: 
JavaScript error: https://s0.2mdn.net/instream/video/client.js, line 32: NS_ERROR_NOT_INITIALIZED: 
JavaScript error: https://s0.2mdn.net/instream/video/client.js, line 32: NS_ERROR_NOT_INITIALIZED: 
JavaScript error: https://s0.2mdn.net/instream/video/client.js, line 32: NS_ERROR_NOT_INITIALIZED: 
JavaScript error: https://s0.2mdn.net/instream/video/client.js, line 32: NS_ERROR_NOT_INITIALIZED: 
JavaScript error: https://s0.2mdn.net/instream/video/client.js, line 32: NS_ERROR_NOT_INITIALIZED: 
JavaScript error: https://s0.2mdn.net/instream/video/client.js, line 32: NS_ERROR_NOT_INITIALIZED: 
JavaScript error: https://s0.2mdn.net/instream/video/client.js, line 32: NS_ERROR_NOT_INITIALIZED: 
JavaScript error: https://s0.2mdn.net/instream/video/client.js, line 32: NS_ERROR_NOT_INITIALIZED: 
JavaScript error: https://s0.2mdn.net/instream/video/client.js, line 32: NS_ERROR_NOT_INITIALIZED: 
JavaScript error: https://s0.2mdn.net/instream/video/client.js, line 32: NS_ERROR_NOT_INITIALIZED: 
JavaScript error: https://s0.2mdn.net/instream/video/client.js, line 32: NS_ERROR_NOT_INITIALIZED: 
JavaScript error: https://s0.2mdn.net/instream/video/client.js, line 32: NS_ERROR_NOT_INITIALIZED: 
JavaScript error: https://s0.2mdn.net/instream/video/client.js, line 32: NS_ERROR_NOT_INITIALIZED: 
JavaScript error: https://s0.2mdn.net/instream/video/client.js, line 32: NS_ERROR_NOT_INITIALIZED: 
JavaScript error: https://s0.2mdn.net/instream/video/client.js, line 32: NS_ERROR_NOT_INITIALIZED: 
JavaScript error: https://s0.2mdn.net/instream/video/client.js, line 32: NS_ERROR_NOT_INITIALIZED: 
JavaScript error: https://s0.2mdn.net/instream/video/client.js, line 32: NS_ERROR_NOT_INITIALIZED: 
JavaScript error: https://s0.2mdn.net/instream/video/client.js, line 32: NS_ERROR_NOT_INITIALIZED: 
JavaScript error: https://s0.2mdn.net/instream/video/client.js, line 32: NS_ERROR_NOT_INITIALIZED: 
JavaScript error: https://s0.2mdn.net/instream/video/client.js, line 32: NS_ERROR_NOT_INITIALIZED: 
JavaScript error: https://s0.2mdn.net/instream/video/client.js, line 32: NS_ERROR_NOT_INITIALIZED: 
JavaScript error: https://s0.2mdn.net/instream/video/client.js, line 32: NS_ERROR_NOT_INITIALIZED: 
JavaScript error: https://s0.2mdn.net/instream/video/client.js, line 32: NS_ERROR_NOT_INITIALIZED: 
JavaScript error: https://s0.2mdn.net/instream/video/client.js, line 32: NS_ERROR_NOT_INITIALIZED: 
JavaScript error: https://s0.2mdn.net/instream/video/client.js, line 32: NS_ERROR_NOT_INITIALIZED: 
JavaScript error: https://s0.2mdn.net/instream/video/client.js, line 32: NS_ERROR_NOT_INITIALIZED: 
JavaScript error: https://s0.2mdn.net/instream/video/client.js, line 32: NS_ERROR_NOT_INITIALIZED: 
JavaScript error: https://s0.2mdn.net/instream/video/client.js, line 32: NS_ERROR_NOT_INITIALIZED: 
JavaScript error: https://s0.2mdn.net/instream/video/client.js, line 32: NS_ERROR_NOT_INITIALIZED: 
JavaScript error: https://s0.2mdn.net/instream/video/client.js, line 32: NS_ERROR_NOT_INITIALIZED: 
JavaScript error: https://s0.2mdn.net/instream/video/client.js, line 32: NS_ERROR_NOT_INITIALIZED: 
[Parent 9268, Gecko_IOThread] WARNING: pipe error: 109: file z:/build/build/src/ipc/chromium/src/chrome/common/ipc_channel_win.cc, line 346
[Child 9440, Chrome_ChildThread] WARNING: pipe error: 109: file z:/build/build/src/ipc/chromium/src/chrome/common/ipc_channel_win.cc, line 346
[Child 9440, Chrome_ChildThread] WARNING: pipe error: 109: file z:/build/build/src/ipc/chromium/src/chrome/common/ipc_channel_win.cc, line 346
Unable to read VR Path Registry from C:\Users\dicke\AppData\Local\openvr\openvrpaths.vrpath
[Child 10136, Chrome_ChildThread] WARNING: pipe error: 109: file z:/build/build/src/ipc/chromium/src/chrome/common/ipc_channel_win.cc, line 346
[Parent 9268, Gecko_IOThread] WARNING: pipe error: 109: file z:/build/build/src/ipc/chromium/src/chrome/common/ipc_channel_win.cc, line 346
Unable to read VR Path Registry from C:\Users\dicke\AppData\Local\openvr\openvrpaths.vrpath
[Child 10036, Chrome_ChildThread] WARNING: pipe error: 109: file z:/build/build/src/ipc/chromium/src/chrome/common/ipc_channel_win.cc, line 346
[Child 10036, Chrome_ChildThread] WARNING: pipe error: 109: file z:/build/build/src/ipc/chromium/src/chrome/common/ipc_channel_win.cc, line 346
Unable to read VR Path Registry from C:\Users\dicke\AppData\Local\openvr\openvrpaths.vrpath
[Child 3012, Chrome_ChildThread] WARNING: pipe error: 232: file z:/build/build/src/ipc/chromium/src/chrome/common/ipc_channel_win.cc, line 513
[Child 3012, Chrome_ChildThread] WARNING: pipe error: 109: file z:/build/build/src/ipc/chromium/src/chrome/common/ipc_channel_win.cc, line 346
[Child 3012, Chrome_ChildThread] WARNING: pipe error: 109: file z:/build/build/src/ipc/chromium/src/chrome/common/ipc_channel_win.cc, line 346
[Child 7020, Chrome_ChildThread] WARNING: pipe error: 109: file z:/build/build/src/ipc/chromium/src/chrome/common/ipc_channel_win.cc, line 346
[Child 7020, Chrome_ChildThread] WARNING: pipe error: 109: file z:/build/build/src/ipc/chromium/src/chrome/common/ipc_channel_win.cc, line 346
Unable to read VR Path Registry from C:\Users\dicke\AppData\Local\openvr\openvrpaths.vrpath
[Child 9492, Chrome_ChildThread] WARNING: pipe error: 109: file z:/build/build/src/ipc/chromium/src/chrome/common/ipc_channel_win.cc, line 346
[Child 9492, Chrome_ChildThread] WARNING: pipe error: 109: file z:/build/build/src/ipc/chromium/src/chrome/common/ipc_channel_win.cc, line 346
Unable to read VR Path Registry from C:\Users\dicke\AppData\Local\openvr\openvrpaths.vrpath
[Child 9048, Chrome_ChildThread] WARNING: pipe error: 109: file z:/build/build/src/ipc/chromium/src/chrome/common/ipc_channel_win.cc, line 346
Unable to read VR Path Registry from C:\Users\dicke\AppData\Local\openvr\openvrpaths.vrpath
[GPU 8644, Chrome_ChildThread] WARNING: pipe error: 109: file z:/build/build/src/ipc/chromium/src/chrome/common/ipc_channel_win.cc, line 346

###!!! [Child][MessageChannel::SendAndWait] Error: Channel error: cannot send/recv

1530304279743	geckodriver	INFO	geckodriver 0.21.0
1530304279759	geckodriver	INFO	Listening on 127.0.0.1:55784
1530304282538	mozrunner::runner	INFO	Running command: "C:\\Program Files\\Mozilla Firefox\\firefox.exe" "-marionette" "-foreground" "-no-remote" "-profile" "C:\\Users\\dicke\\AppData\\Local\\Temp\\rust_mozprofile.8IPoKauCbjdL"
1530304285505	Marionette	INFO	Listening on port 55793
1530304285777	Marionette	WARN	TLS certificate errors will be ignored for this session
